MESSAGE LOG

Time: 21:40:54
Message type: I
Message: I Variable msg is of type 'char*'


àûøúlTime: 21:40:54
Message type: E
Message: E No such directory found


àûøúlTime: 21:40:54
Message type: F
Message: F Cannot divide by zero


àûøúlTime: 21:40:54
Message type: W
Message: W Variable has not been declared


àûøúlTime: 21:40:54
Message type: I
Message: I Loading data from file


àûøúlTime: 21:40:54
Message type: W
Message: W Pointer is null


àûøúlTime: 21:40:54
Message type: F
Message: F Fatal error has occurred


àûøúlTime: 21:40:54
Message type: F
Message: F Program execution failed


àûøúlTime: 21:40:54
Message type: E
Message: E Cannot assign float value to int variable


àûøúlTime: 21:40:54
Message type: E
Message: E File does not exist


